2026-05-23 12:07:39,470 - __main__ - ERROR - Unexpected error during standardization.
Traceback (most recent call last):
  File "C:\Users\kadam\Desktop\mlops-demo\src\model_building.py", line 180, in standardize_features
    X_train_scaled = scaler.fit_transform(X_train)
                     ^^^^^^^^^^^^^^^^^^^^^^^^^^^^^
  File "C:\Users\kadam\AppData\Local\Programs\Python\Python312\Lib\site-packages\sklearn\utils\_set_output.py", line 313, in wrapped
    data_to_wrap = f(self, X, *args, **kwargs)
                   ^^^^^^^^^^^^^^^^^^^^^^^^^^^
  File "C:\Users\kadam\AppData\Local\Programs\Python\Python312\Lib\site-packages\sklearn\base.py", line 1098, in fit_transform
    return self.fit(X, **fit_params).transform(X)
           ^^^^^^^^^^^^^^^^^^^^^^^^^
  File "C:\Users\kadam\AppData\Local\Programs\Python\Python312\Lib\site-packages\sklearn\preprocessing\_data.py", line 876, in fit
    return self.partial_fit(X, y, sample_weight)
           ^^^^^^^^^^^^^^^^^^^^^^^^^^^^^^^^^^^^^
  File "C:\Users\kadam\AppData\Local\Programs\Python\Python312\Lib\site-packages\sklearn\base.py", line 1473, in wrapper
    return fit_method(estimator, *args, **kwargs)
           ^^^^^^^^^^^^^^^^^^^^^^^^^^^^^^^^^^^^^^
  File "C:\Users\kadam\AppData\Local\Programs\Python\Python312\Lib\site-packages\sklearn\preprocessing\_data.py", line 912, in partial_fit
    X = self._validate_data(
        ^^^^^^^^^^^^^^^^^^^^
  File "C:\Users\kadam\AppData\Local\Programs\Python\Python312\Lib\site-packages\sklearn\base.py", line 633, in _validate_data
    out = check_array(X, input_name="X", **check_params)
          ^^^^^^^^^^^^^^^^^^^^^^^^^^^^^^^^^^^^^^^^^^^^^^
  File "C:\Users\kadam\AppData\Local\Programs\Python\Python312\Lib\site-packages\sklearn\utils\validation.py", line 1007, in check_array
    array = _asarray_with_order(array, order=order, dtype=dtype, xp=xp)
            ^^^^^^^^^^^^^^^^^^^^^^^^^^^^^^^^^^^^^^^^^^^^^^^^^^^^^^^^^^^
  File "C:\Users\kadam\AppData\Local\Programs\Python\Python312\Lib\site-packages\sklearn\utils\_array_api.py", line 746, in _asarray_with_order
    array = numpy.asarray(array, order=order, dtype=dtype)
            ^^^^^^^^^^^^^^^^^^^^^^^^^^^^^^^^^^^^^^^^^^^^^^
  File "C:\Users\kadam\AppData\Local\Programs\Python\Python312\Lib\site-packages\pandas\core\generic.py", line 2153, in __array__
    arr = np.asarray(values, dtype=dtype)
          ^^^^^^^^^^^^^^^^^^^^^^^^^^^^^^^
ValueError: could not convert string to float: '2024-05-21 22:02:32'
2026-05-23 12:07:39,506 - __main__ - ERROR - Feature standardization failed.
2026-05-23 12:25:47,592 - __main__ - ERROR - Model or scaler file not found.
Traceback (most recent call last):
  File "C:\Users\kadam\Desktop\mlops-demo\src\model_evaluation.py", line 59, in load_model_and_scaler
    with open(model_path, "rb") as f:
         ^^^^^^^^^^^^^^^^^^^^^^
FileNotFoundError: [Errno 2] No such file or directory: 'models/final_model.pkl'
2026-05-23 12:25:47,592 - __main__ - ERROR - Model/scaler loading failed.
2026-05-23 12:26:50,311 - __main__ - ERROR - Validation file not found.
Traceback (most recent call last):
  File "C:\Users\kadam\Desktop\mlops-demo\src\model_evaluation.py", line 97, in load_validation_data
    val_df = pd.read_csv(val_path)
             ^^^^^^^^^^^^^^^^^^^^^
  File "C:\Users\kadam\AppData\Local\Programs\Python\Python312\Lib\site-packages\pandas\io\parsers\readers.py", line 1026, in read_csv
    return _read(filepath_or_buffer, kwds)
           ^^^^^^^^^^^^^^^^^^^^^^^^^^^^^^^
  File "C:\Users\kadam\AppData\Local\Programs\Python\Python312\Lib\site-packages\pandas\io\parsers\readers.py", line 620, in _read
    parser = TextFileReader(filepath_or_buffer, **kwds)
             ^^^^^^^^^^^^^^^^^^^^^^^^^^^^^^^^^^^^^^^^^^
  File "C:\Users\kadam\AppData\Local\Programs\Python\Python312\Lib\site-packages\pandas\io\parsers\readers.py", line 1620, in __init__
    self._engine = self._make_engine(f, self.engine)
                   ^^^^^^^^^^^^^^^^^^^^^^^^^^^^^^^^^
  File "C:\Users\kadam\AppData\Local\Programs\Python\Python312\Lib\site-packages\pandas\io\parsers\readers.py", line 1880, in _make_engine
    self.handles = get_handle(
                   ^^^^^^^^^^^
  File "C:\Users\kadam\AppData\Local\Programs\Python\Python312\Lib\site-packages\pandas\io\common.py", line 873, in get_handle
    handle = open(
             ^^^^^
FileNotFoundError: [Errno 2] No such file or directory: 'data/validation/validation.csv'
2026-05-23 12:26:50,330 - __main__ - ERROR - Validation data loading failed.
